<?xml version="1.0" encoding="UTF-8"?>
<!-- Generated by org.testng.reporters.JUnitReportReporter -->
<testsuite skipped="0" hostname="LAPTOP-3JT9GR3F" name="testcases.RegTest" tests="2" failures="0" timestamp="08 Jan 2021 05:18:26 GMT" time="0.002" errors="0">
  <testcase name="doRegUser" time="0.001" classname="testcases.RegTest"/>
  <testcase name="doRegUser" time="0.001" classname="testcases.RegTest"/>
</testsuite> <!-- testcases.RegTest -->
