<?xml version="1.0" encoding="UTF-8"?>
<!-- Generated by org.testng.reporters.JUnitReportReporter -->
<testsuite skipped="0" hostname="LAPTOP-3JT9GR3F" name="testcases.LoginTest" tests="1" failures="0" timestamp="08 Jan 2021 05:18:26 GMT" time="0.437" errors="0">
  <testcase name="doLogin" time="0.437" classname="testcases.LoginTest"/>
</testsuite> <!-- testcases.LoginTest -->
